0 831
1 790
1 796
2 795
3 840
4 237
5 797
6 141
6 269
7 196
7 200
7 370
7 643
8 943
9 152
9 157
9 623
9 816
10 199
11 304
11 721
12 223
12 447
12 881
13 535
13 619
14 925
15 733
16 429
16 905
17 418
18 982
19 96
19 952
20 977
21 148
21 167
21 328
22 261
22 605
23 239
23 717
23 947
24 140
24 368
24 993
25 487
25 972
26 190
26 620
26 640
27 442
27 525
27 553
27 849
28 372
28 815
28 961
29 589
30 904
31 848
31 945
32 403
33 451
33 627
34 449
34 530
35 385
36 332
36 432
36 833
36 926
37 278
38 356
39 284
39 633
40 298
40 939
41 139
41 277
41 368
42 958
43 557
44 348
44 411
45 390
45 412
45 720
46 613
47 805
47 928
48 170
48 209
48 302
48 400
48 877
49 607
49 912
50 186
50 804
51 180
51 322
51 713
52 113
52 408
52 882
53 867
53 971
54 650
54 777
54 808
55 229
55 686
56 908
57 356
57 524
57 543
58 254
58 289
58 671
59 983
60 412
60 608
60 888
61 263
62 131
62 406
62 815
63 68
63 866
64 169
64 746
65 265
65 281
66 305
66 709
67 688
67 840
68 280
69 992
70 841
71 310
72 137
72 307
72 873
73 670
73 779
74 849
75 147
75 754
75 817
75 839
76 366
76 698
77 241
77 978
78 513
79 386
79 482
80 521
80 588
81 450
81 733
82 486
83 488
84 863
85 264
86 746
86 861
86 957
87 257
88 541
88 755
89 154
89 311
89 581
90 733
91 456
91 667
92 98
92 732
93 360
93 481
94 799
95 256
95 530
95 586
95 751
97 471
99 964
100 239
100 310
100 487
100 809
101 304
101 347
101 951
102 139
103 217
104 190
105 991
106 118
106 665
107 114
107 604
108 216
108 259
109 441
109 877
110 567
110 633
111 870
112 409
112 461
112 951
114 164
114 737
114 779
114 896
115 599
115 771
116 767
117 546
118 918
118 937
119 629
119 931
120 137
120 909
121 646
121 714
122 387
123 195
123 737
124 662
124 938
125 159
125 261
125 639
126 227
126 547
127 142
127 573
128 477
128 517
129 770
130 501
130 660
130 924
132 209
132 635
133 590
133 741
133 836
134 531
134 845
134 848
135 186
135 557
136 846
136 964
137 473
138 962
140 156
140 363
140 579
141 208
142 329
142 347
142 504
142 631
142 905
143 536
144 164
145 411
146 449
146 493
147 330
148 153
148 361
149 595
150 482
150 793
151 553
152 838
152 925
152 948
153 621
153 870
153 876
154 382
154 719
154 782
155 287
158 624
159 669
159 709
160 895
161 657
162 279
162 535
163 263
163 327
165 994
166 492
166 624
166 661
166 872
168 487
169 884
171 321
171 472
172 260
172 733
173 234
173 702
174 314
174 830
174 869
175 830
176 697
177 669
178 441
179 463
180 466
180 582
180 589
180 670
180 795
181 830
182 451
183 244
184 655
185 744
185 851
186 568
186 920
187 411
187 735
188 997
189 970
191 194
191 564
192 455
192 617
192 713
192 831
193 895
193 996
196 976
197 515
197 705
198 523
198 979
199 331
199 542
200 338
200 638
201 534
201 722
201 770
202 807
202 828
203 718
203 761
204 287
205 859
206 375
207 262
207 989
209 870
210 237
210 348
210 778
211 443
211 841
212 643
213 711
213 782
214 851
215 325
215 337
216 986
217 224
217 680
218 252
219 340
219 503
219 956
220 364
220 383
221 355
221 543
221 634
222 645
224 391
225 337
225 986
226 464
227 374
227 553
227 982
228 668
230 887
231 471
231 523
231 548
232 805
233 974
234 589
235 270
235 533
235 984
236 266
236 728
237 875
238 527
239 756
239 911
240 407
240 563
240 595
241 892
241 897
242 391
243 412
243 480
244 837
244 969
245 851
246 685
247 969
248 831
249 509
250 672
251 292
251 341
252 825
253 668
254 896
255 573
256 369
256 448
257 488
258 412
258 560
261 454
261 463
261 999
262 683
263 591
264 349
264 856
265 279
265 405
266 455
267 709
267 881
268 391
268 811
268 953
269 869
269 912
270 683
271 384
271 420
272 928
272 975
273 281
273 741
274 901
275 303
275 980
276 552
277 336
277 663
278 498
278 788
279 395
279 882
280 697
282 837
283 379
283 588
285 331
285 412
285 882
286 976
287 860
288 708
289 646
290 431
290 665
290 778
291 308
292 378
292 466
292 564
292 743
293 537
293 656
294 940
294 953
295 609
296 437
297 444
297 860
298 372
299 685
299 707
299 880
299 886
300 592
300 919
301 351
301 647
306 334
306 713
306 828
308 632
308 882
309 722
311 938
311 963
312 393
312 880
313 556
314 824
314 854
315 385
315 934
316 755
317 522
317 627
318 956
319 541
320 506
321 921
323 552
323 792
324 452
325 638
325 734
326 381
326 638
327 576
327 759
328 433
331 566
332 423
332 963
333 645
335 443
335 460
336 357
339 959
340 397
341 473
342 615
343 832
343 963
343 981
344 425
344 798
345 961
346 726
346 861
346 904
347 505
347 580
347 930
348 709
348 955
349 523
350 633
351 642
352 559
352 626
352 756
353 424
353 655
353 903
354 379
356 704
356 820
357 747
358 483
358 817
359 652
359 952
360 690
361 910
362 586
362 792
364 410
364 700
365 478
365 649
367 571
367 926
371 758
372 859
372 956
373 727
374 393
374 445
375 393
375 443
376 620
377 695
378 506
378 970
379 419
380 511
380 712
383 532
383 965
384 521
384 799
385 609
385 968
386 464
387 948
388 673
388 745
388 778
388 813
389 451
390 811
391 739
392 813
394 815
395 453
396 495
397 923
398 732
399 588
400 491
400 886
401 945
402 906
403 697
404 442
407 785
407 946
408 973
409 825
412 459
412 637
412 699
413 697
414 905
415 723
415 888
416 995
417 474
418 951
419 583
420 432
421 434
422 853
422 869
423 499
426 494
427 565
427 710
428 939
430 614
431 453
431 712
432 454
432 901
434 627
434 797
435 725
435 780
436 671
437 763
437 765
438 591
439 492
440 507
440 812
441 565
442 907
445 840
445 914
445 968
446 733
448 900
449 943
450 966
452 994
453 465
454 468
454 540
454 772
457 458
458 575
458 660
459 733
462 709
464 514
464 859
465 991
467 606
467 948
469 735
470 485
471 803
472 567
474 587
474 860
474 936
475 664
476 923
477 578
477 895
478 500
478 948
479 627
482 597
483 932
484 822
485 556
485 917
486 991
487 513
487 555
487 576
487 899
487 951
488 729
488 957
489 908
490 600
490 813
491 724
492 694
493 906
494 720
495 679
495 689
495 925
496 970
497 633
497 698
498 657
500 733
500 834
502 942
507 905
508 998
509 819
510 546
510 871
512 741
513 644
514 929
515 913
515 957
515 962
516 820
518 531
519 640
519 773
520 765
520 797
520 817
521 757
524 917
526 664
526 724
527 601
527 870
528 814
529 949
533 579
534 926
536 549
536 868
537 894
538 818
539 611
539 944
541 881
543 868
543 977
544 620
544 766
545 587
546 914
546 995
549 919
550 948
550 980
551 675
552 687
553 788
554 976
557 629
557 857
557 998
558 632
561 740
562 898
564 696
565 575
568 818
568 954
569 739
569 819
570 924
572 625
574 718
575 769
577 710
581 736
583 822
584 788
584 935
585 833
586 740
586 776
588 781
593 654
593 715
594 777
596 664
597 733
598 708
599 835
599 937
602 799
603 773
604 744
605 891
609 960
610 653
611 877
612 784
613 966
613 974
614 913
615 892
616 653
616 861
617 794
618 843
620 665
620 716
620 848
621 701
621 887
622 744
624 676
625 933
625 988
627 985
627 988
628 829
629 992
630 779
633 859
636 802
636 971
639 917
641 650
643 816
645 713
645 730
647 902
648 762
651 815
652 742
654 673
654 824
655 774
655 803
656 836
658 937
659 944
660 682
666 971
667 872
668 793
668 915
671 699
672 788
674 880
675 774
677 752
678 715
681 892
684 806
686 973
690 824
690 890
691 693
692 854
693 719
695 719
700 707
700 766
700 823
701 805
701 892
701 957
703 774
703 942
706 902
707 885
708 852
708 941
708 958
711 787
713 826
714 749
716 842
720 800
721 784
722 902
723 878
724 874
726 738
727 786
729 898
731 766
732 758
734 984
740 922
743 768
748 794
748 983
749 821
750 843
752 814
753 864
756 788
756 952
758 997
760 776
761 908
762 949
762 958
764 967
765 976
767 810
775 827
777 854
780 998
783 869
786 795
786 866
789 953
790 886
791 833
791 990
792 895
795 996
798 918
800 846
801 810
801 870
801 916
802 860
803 857
805 863
806 916
808 889
814 995
820 997
827 991
829 979
832 927
843 955
844 921
847 862
850 881
855 956
858 902
862 994
864 953
865 886
868 931
872 971
875 959
879 977
882 883
889 969
891 994
893 926
897 950
908 950
912 987
923 958
946 957
951 971
967 980
