0 157
1 22
2 80
3 79
4 42
4 46
4 94
4 97
4 103
5 25
5 49
5 139
6 11
6 55
6 190
7 194
8 88
9 36
9 73
10 136
11 101
12 67
13 57
13 166
14 18
15 72
15 124
16 82
16 176
16 181
17 33
18 41
18 65
18 87
18 114
18 167
19 37
20 188
21 22
21 24
22 158
23 116
23 155
24 54
25 81
26 117
26 150
27 68
28 53
28 180
29 119
30 75
31 64
32 86
32 118
32 134
32 141
32 172
33 74
33 94
33 149
34 133
35 131
35 182
37 157
37 195
38 78
38 156
39 58
39 61
40 65
41 79
43 61
43 88
43 132
44 134
44 179
45 64
45 113
45 128
45 146
45 180
46 69
46 163
46 178
47 56
48 100
50 100
50 141
51 103
51 138
51 156
52 71
54 56
55 173
59 122
59 145
60 73
61 102
61 184
62 70
63 113
64 166
66 70
66 98
66 170
66 187
67 188
68 161
70 151
71 98
71 168
71 175
72 159
73 91
73 145
75 154
75 177
76 153
77 158
80 155
81 129
81 144
83 115
83 166
84 148
84 185
85 134
86 133
87 138
87 182
87 199
88 108
88 120
88 158
89 97
90 181
91 112
91 176
91 196
92 172
93 94
94 165
94 169
95 168
96 119
96 137
96 157
98 130
99 183
99 194
101 180
104 128
105 156
106 145
107 166
107 183
108 189
109 159
109 186
109 192
110 126
110 187
111 194
112 144
112 152
112 168
114 164
116 154
117 120
119 121
119 162
121 177
123 133
125 197
127 157
128 143
131 159
135 137
136 167
136 188
138 141
140 198
142 146
147 184
147 198
150 153
152 153
157 174
158 160
161 186
164 185
165 197
166 167
167 191
171 186
176 182
177 181
189 193
