0 20
0 418
1 336
2 66
2 188
2 299
2 368
3 417
3 497
4 154
5 44
5 56
6 174
6 352
7 46
7 124
7 151
7 207
7 273
7 443
8 431
9 93
9 126
10 53
10 468
11 289
12 295
12 399
12 453
13 150
13 164
14 55
14 100
14 352
15 188
15 290
16 115
16 261
17 358
18 158
18 229
18 257
19 448
20 247
20 489
21 298
22 126
22 394
23 234
24 106
24 222
25 251
25 357
25 459
26 57
27 356
27 363
28 85
28 353
29 224
29 448
30 204
31 64
31 411
32 141
33 264
33 307
34 96
34 388
35 327
36 134
37 391
37 409
38 52
38 113
38 254
38 370
38 488
39 46
40 73
40 366
41 103
41 249
42 185
43 48
43 236
43 350
44 255
45 491
46 375
47 162
47 281
47 305
48 65
48 119
48 285
49 447
50 162
50 202
51 369
51 395
54 449
55 67
55 278
56 163
56 305
57 121
57 352
57 367
58 193
58 230
59 186
59 192
60 463
61 416
62 321
62 393
63 136
63 155
63 325
63 398
64 84
64 321
64 322
64 323
64 337
65 380
66 259
66 478
68 398
69 94
70 84
70 245
71 197
71 379
71 461
72 74
73 420
74 109
75 133
75 141
75 277
76 96
76 449
77 193
77 232
77 427
78 206
78 330
78 462
79 180
79 264
79 276
79 406
80 312
80 331
81 107
81 381
81 394
82 220
82 252
83 150
83 291
84 119
84 167
84 228
84 384
85 108
85 311
86 275
86 416
87 226
88 264
89 141
89 298
89 365
90 379
91 106
91 199
91 361
91 479
92 265
94 185
94 373
94 458
95 346
96 98
96 419
97 124
99 409
100 128
100 463
101 364
102 451
104 474
105 196
105 298
105 347
106 348
108 401
109 279
109 386
109 490
110 289
111 119
111 496
112 216
112 279
112 438
113 458
114 144
114 313
114 427
115 284
115 288
115 387
115 404
116 273
116 466
116 475
117 258
117 357
118 328
119 301
119 460
120 389
122 125
122 371
123 358
124 374
125 185
125 227
127 466
129 385
129 430
129 439
130 138
130 314
131 246
131 424
132 183
132 394
133 159
133 385
134 237
134 495
135 294
135 414
136 364
136 448
137 297
137 303
138 442
139 221
140 141
142 203
142 438
143 402
144 423
145 220
146 371
147 486
148 447
149 407
150 168
150 225
150 298
152 415
153 261
153 314
153 451
154 238
154 395
154 448
155 186
156 359
156 481
157 358
157 441
159 326
160 260
160 475
161 179
161 317
163 211
163 293
164 217
164 253
164 487
165 316
165 436
166 265
166 375
168 464
169 373
170 325
170 362
171 459
172 327
172 448
173 492
175 472
176 301
177 333
177 396
178 256
178 266
178 283
179 195
179 229
179 238
180 308
180 459
181 209
181 381
182 491
183 473
184 210
186 198
187 330
187 356
187 435
188 296
188 390
189 331
190 211
191 247
192 252
192 319
193 239
194 340
196 243
196 415
197 338
197 467
197 493
199 216
200 319
201 470
202 355
204 205
205 274
205 341
205 372
206 494
207 214
208 329
209 363
210 309
212 340
213 361
214 328
214 377
214 470
215 358
215 484
217 480
218 466
219 262
219 392
221 470
222 315
222 339
222 468
223 232
224 225
225 289
225 463
226 337
227 267
229 280
229 366
231 454
233 446
234 421
234 472
235 494
237 416
238 419
239 320
240 406
241 264
241 342
242 440
244 267
246 303
246 397
246 476
247 279
248 380
249 460
250 379
250 425
254 256
254 375
257 304
257 447
258 343
261 383
262 468
263 331
263 371
264 268
267 440
267 452
268 408
268 412
269 272
270 486
271 449
272 368
272 499
273 433
276 456
277 491
278 354
282 340
282 416
284 466
285 434
285 457
286 310
286 456
287 390
288 334
288 432
288 497
290 354
292 380
292 454
297 335
297 465
300 370
302 415
302 450
306 366
307 455
309 351
311 410
311 422
313 402
313 444
316 363
318 479
320 364
321 482
323 462
324 336
324 408
328 445
329 349
331 486
332 336
337 465
338 475
339 497
343 396
344 346
344 459
345 381
348 428
349 385
350 372
351 424
354 481
355 422
360 429
368 483
371 477
375 429
376 417
377 498
378 452
382 449
383 465
388 426
389 390
391 466
394 419
396 469
399 409
400 416
403 450
405 498
407 416
413 447
414 472
414 497
416 482
422 486
431 486
433 446
437 490
438 474
441 473
448 459
460 485
471 484
482 492
