0 34
0 50
0 77
0 92
1 96
2 25
2 31
3 44
3 74
3 76
4 46
4 64
4 70
4 79
4 86
5 81
6 7
6 15
6 76
6 80
7 8
7 48
9 27
9 90
10 27
10 43
11 25
11 30
12 83
13 35
13 95
14 31
14 84
14 94
15 55
16 85
16 98
17 51
17 75
18 31
19 95
20 85
21 36
21 58
22 40
22 41
22 61
23 40
23 51
24 53
26 33
26 45
26 68
26 81
26 89
27 84
28 85
29 50
30 81
31 82
32 34
32 53
34 62
36 37
37 53
37 79
38 39
38 69
40 65
40 81
42 52
42 95
44 98
45 56
45 93
47 52
48 73
49 51
49 63
49 87
51 83
52 54
53 55
53 66
54 74
56 60
56 91
57 87
58 59
67 90
68 79
69 77
71 78
72 96
73 97
78 79
81 99
84 96
88 92
